<?xml version="1.0" encoding="UTF-8"?>
<!-- Generated by org.testng.reporters.JUnitReportReporter -->
<testsuite hostname="DESKTOP-KJIHQLH" failures="0" tests="3" name="com.ws.testcase.TestLoginPage" time="31.747" errors="0" timestamp="2024-05-21T22:57:49 EDT" skipped="0">
  <testcase classname="com.ws.testcase.TestLoginPage" name="testLoginPageTitle" time="8.613"/>
  <testcase classname="com.ws.testcase.TestLoginPage" name="testLoginFunction" time="10.397"/>
  <testcase classname="com.ws.testcase.TestLoginPage" name="testForgotPasswordDisplayed" time="12.737"/>
</testsuite> <!-- com.ws.testcase.TestLoginPage -->
