<?xml version="1.0" encoding="UTF-8"?>
<!-- Generated by org.testng.reporters.JUnitReportReporter -->
<testsuite hostname="DESKTOP-KJIHQLH" failures="0" tests="1" name="com.ws.base.DriverScript" time="7.849" errors="0" timestamp="2024-05-21T13:18:05 EDT" skipped="0">
  <testcase classname="com.ws.base.DriverScript" name="initApplication" time="7.849"/>
</testsuite> <!-- com.ws.base.DriverScript -->
